<?xml version="1.0" encoding="UTF-8"?>
<!-- Generated by org.testng.reporters.JUnitReportReporter -->
<testsuite hostname="NOVOPAY" name="in.novopay.platform_ui.tests.FlowMapper" tests="1" failures="0" timestamp="6 Jun 2017 13:18:45 GMT" time="982.771" errors="0">
  <testcase name="flowMapperTest" time="982.771" classname="in.novopay.platform_ui.tests.FlowMapper"/>
</testsuite> <!-- in.novopay.platform_ui.tests.FlowMapper -->
