<?xml version="1.0" encoding="UTF-8"?>
<!-- Generated by org.testng.reporters.JUnitReportReporter -->
<testsuite hostname="NOVOPAY" name="in.novopay.platform_ui.tests.UserLogout" tests="1" failures="0" timestamp="6 Jun 2017 06:45:23 GMT" time="50.604" errors="0">
  <testcase name="userLogoutTest" time="50.604" classname="in.novopay.platform_ui.tests.UserLogout"/>
</testsuite> <!-- in.novopay.platform_ui.tests.UserLogout -->
