<?xml version="1.0" encoding="UTF-8"?>
<!-- Generated by org.testng.reporters.JUnitReportReporter -->
<testsuite hostname="NOVOPAY" name="in.novopay.platform_ui.tests.CreateSavingsProduct" tests="1" failures="0" timestamp="29 May 2017 08:58:14 GMT" time="77.697" errors="0">
  <testcase name="CreateSavingsProductTest" time="77.697" classname="in.novopay.platform_ui.tests.CreateSavingsProduct"/>
</testsuite> <!-- in.novopay.platform_ui.tests.CreateSavingsProduct -->
