<?xml version="1.0" encoding="UTF-8"?>
<!-- Generated by org.testng.reporters.JUnitReportReporter -->
<testsuite hostname="NOVOPAY" name="in.novopay.platform_ui.tests.CreateProductScheme" tests="1" failures="0" timestamp="30 May 2017 11:54:14 GMT" time="83.140" errors="0">
  <testcase name="createProductSchemeTest" time="83.140" classname="in.novopay.platform_ui.tests.CreateProductScheme"/>
</testsuite> <!-- in.novopay.platform_ui.tests.CreateProductScheme -->
