<?xml version="1.0" encoding="UTF-8"?>
<!-- Generated by org.testng.reporters.JUnitReportReporter -->
<testsuite hostname="MI-20151052852" failures="0" tests="2" name="tests.FlowMapper" time="32.855" errors="0" timestamp="2025-06-29T22:32:22 IST" skipped="0">
  <testcase classname="tests.FlowMapper" name="flowMapperTest" time="2.994"/>
  <system-out/>
  <testcase classname="tests.FlowMapper" name="flowMapperTest" time="29.861"/>
  <system-out/>
</testsuite> <!-- tests.FlowMapper -->
