<?xml version="1.0" encoding="UTF-8"?>
<!-- Generated by org.testng.reporters.JUnitReportReporter -->
<testsuite hostname="MI-20151052852" failures="0" tests="2" name="tests.FlowMapper" time="35.262" errors="0" timestamp="2025-01-23T18:40:16 IST" skipped="0">
  <testcase classname="tests.FlowMapper" name="flowMapperTest" time="32.626"/>
  <system-out/>
  <testcase classname="tests.FlowMapper" name="flowMapperTest" time="2.636"/>
  <system-out/>
</testsuite> <!-- tests.FlowMapper -->
