<?xml version="1.0" encoding="UTF-8"?>
<!-- Generated by org.testng.reporters.JUnitReportReporter -->
<testsuite hostname="NOVOPAY" name="in.novopay.platform_ui.tests.CreateRole" tests="1" failures="0" timestamp="23 May 2017 11:51:07 GMT" time="111.601" errors="0">
  <testcase name="createRoleTest" time="111.601" classname="in.novopay.platform_ui.tests.CreateRole"/>
</testsuite> <!-- in.novopay.platform_ui.tests.CreateRole -->
