<?xml version="1.0" encoding="UTF-8"?>
<!-- Generated by org.testng.reporters.JUnitReportReporter -->
<testsuite hostname="MI-20151052852" failures="0" tests="2" name="tests.FlowMapper" time="31.210" errors="0" timestamp="2025-07-24T15:54:45 IST" skipped="0">
  <testcase classname="tests.FlowMapper" name="flowMapperTest" time="3.112"/>
  <system-out/>
  <testcase classname="tests.FlowMapper" name="flowMapperTest" time="28.098"/>
  <system-out/>
</testsuite> <!-- tests.FlowMapper -->
