<?xml version="1.0" encoding="UTF-8"?>
<!-- Generated by org.testng.reporters.JUnitReportReporter -->
<testsuite hostname="MI-20151052852" failures="0" tests="1" name="in.novopay.platform_ui.utils.DeleteReportFile" time="0.001" errors="0" timestamp="2025-01-19T22:48:46 IST" skipped="0">
  <testcase classname="in.novopay.platform_ui.utils.DeleteReportFile" name="deleteReport" time="0.001"/>
  <system-out/>
</testsuite> <!-- in.novopay.platform_ui.utils.DeleteReportFile -->
