<?xml version="1.0" encoding="UTF-8"?>
<!-- Generated by org.testng.reporters.JUnitReportReporter -->
<testsuite hostname="NOVOPAY" name="tests.New_FlowMapper" tests="1" failures="0" timestamp="13 Sep 2017 08:39:48 GMT" time="33.350" errors="0">
  <testcase name="flowMapperTest" time="33.350" classname="tests.New_FlowMapper"/>
</testsuite> <!-- tests.New_FlowMapper -->
