<?xml version="1.0" encoding="UTF-8"?>
<!-- Generated by org.testng.reporters.JUnitReportReporter -->
<testsuite hostname="ANKUSH" name="tests.ui.RBLMoneyTransferTest" tests="29" failures="0" timestamp="12 Jan 2018 22:52:31 GMT" time="16.560" errors="0">
  <testcase name="rBLMoneyTransferTest" time="0.027" classname="tests.ui.RBLMoneyTransferTest"/>
  <testcase name="rBLMoneyTransferTest" time="0.029" classname="tests.ui.RBLMoneyTransferTest"/>
  <testcase name="rBLMoneyTransferTest" time="0.045" classname="tests.ui.RBLMoneyTransferTest"/>
  <testcase name="rBLMoneyTransferTest" time="0.027" classname="tests.ui.RBLMoneyTransferTest"/>
  <testcase name="rBLMoneyTransferTest" time="0.046" classname="tests.ui.RBLMoneyTransferTest"/>
  <testcase name="rBLMoneyTransferTest" time="0.027" classname="tests.ui.RBLMoneyTransferTest"/>
  <testcase name="rBLMoneyTransferTest" time="0.030" classname="tests.ui.RBLMoneyTransferTest"/>
  <testcase name="rBLMoneyTransferTest" time="0.056" classname="tests.ui.RBLMoneyTransferTest"/>
  <testcase name="rBLMoneyTransferTest" time="0.031" classname="tests.ui.RBLMoneyTransferTest"/>
  <testcase name="rBLMoneyTransferTest" time="0.036" classname="tests.ui.RBLMoneyTransferTest"/>
  <testcase name="rBLMoneyTransferTest" time="0.051" classname="tests.ui.RBLMoneyTransferTest"/>
  <testcase name="rBLMoneyTransferTest" time="0.065" classname="tests.ui.RBLMoneyTransferTest"/>
  <testcase name="rBLMoneyTransferTest" time="0.033" classname="tests.ui.RBLMoneyTransferTest"/>
  <testcase name="rBLMoneyTransferTest" time="0.029" classname="tests.ui.RBLMoneyTransferTest"/>
  <testcase name="rBLMoneyTransferTest" time="0.026" classname="tests.ui.RBLMoneyTransferTest"/>
  <testcase name="rBLMoneyTransferTest" time="0.031" classname="tests.ui.RBLMoneyTransferTest"/>
  <testcase name="rBLMoneyTransferTest" time="0.028" classname="tests.ui.RBLMoneyTransferTest"/>
  <testcase name="rBLMoneyTransferTest" time="0.214" classname="tests.ui.RBLMoneyTransferTest"/>
  <testcase name="rBLMoneyTransferTest" time="0.023" classname="tests.ui.RBLMoneyTransferTest"/>
  <testcase name="rBLMoneyTransferTest" time="0.034" classname="tests.ui.RBLMoneyTransferTest"/>
  <testcase name="rBLMoneyTransferTest" time="0.028" classname="tests.ui.RBLMoneyTransferTest"/>
  <testcase name="rBLMoneyTransferTest" time="0.074" classname="tests.ui.RBLMoneyTransferTest"/>
  <testcase name="rBLMoneyTransferTest" time="0.029" classname="tests.ui.RBLMoneyTransferTest"/>
  <testcase name="rBLMoneyTransferTest" time="0.028" classname="tests.ui.RBLMoneyTransferTest"/>
  <testcase name="rBLMoneyTransferTest" time="15.263" classname="tests.ui.RBLMoneyTransferTest"/>
  <testcase name="rBLMoneyTransferTest" time="0.079" classname="tests.ui.RBLMoneyTransferTest"/>
  <testcase name="rBLMoneyTransferTest" time="0.109" classname="tests.ui.RBLMoneyTransferTest"/>
  <testcase name="rBLMoneyTransferTest" time="0.033" classname="tests.ui.RBLMoneyTransferTest"/>
  <testcase name="rBLMoneyTransferTest" time="0.029" classname="tests.ui.RBLMoneyTransferTest"/>
</testsuite> <!-- tests.ui.RBLMoneyTransferTest -->
