<?xml version="1.0" encoding="UTF-8"?>
<!-- Generated by org.testng.reporters.JUnitReportReporter -->
<testsuite hostname="MI-20151052852" failures="0" tests="1" name="tests.ui.LoadMoneyNowTest" time="0.000" errors="0" timestamp="2025-01-19T22:48:46 IST" skipped="1">
  <testcase classname="tests.ui.LoadMoneyNowTest" name="loadMoneyNowTest" time="0.000">
    <skipped/>
  </testcase> <!-- loadMoneyNowTest -->
  <system-out/>
</testsuite> <!-- tests.ui.LoadMoneyNowTest -->
