<?xml version="1.0" encoding="UTF-8"?>
<!-- Generated by org.testng.reporters.JUnitReportReporter -->
<testsuite hostname="MI-20151052852" failures="0" tests="2" name="tests.FlowMapper" time="46.898" errors="0" timestamp="2025-07-25T15:57:08 IST" skipped="0">
  <testcase classname="tests.FlowMapper" name="flowMapperTest" time="43.816"/>
  <system-out/>
  <testcase classname="tests.FlowMapper" name="flowMapperTest" time="3.082"/>
  <system-out/>
</testsuite> <!-- tests.FlowMapper -->
