<?xml version="1.0" encoding="UTF-8"?>
<!-- Generated by org.testng.reporters.JUnitReportReporter -->
<testsuite hostname="MI-20151052852" failures="0" tests="1" name="tests.ui.LoginTest" time="0.000" errors="0" timestamp="2024-04-10T15:15:35 IST" skipped="1">
  <testcase classname="tests.ui.LoginTest" name="loginTest" time="0.000">
    <skipped/>
  </testcase> <!-- loginTest -->
  <system-out/>
</testsuite> <!-- tests.ui.LoginTest -->
