<?xml version="1.0" encoding="UTF-8"?>
<!-- Generated by org.testng.reporters.JUnitReportReporter -->
<testsuite hostname="NOVOPAY" name="in.novopay.platform_ui.tests.LoginTest" tests="1" failures="0" timestamp="28 Aug 2017 12:22:47 GMT" time="15.067" errors="0">
  <testcase name="loginTest" time="15.067" classname="in.novopay.platform_ui.tests.LoginTest"/>
</testsuite> <!-- in.novopay.platform_ui.tests.LoginTest -->
