<?xml version="1.0" encoding="UTF-8"?>
<!-- Generated by org.testng.reporters.JUnitReportReporter -->
<testsuite hostname="MI-20151052852" failures="0" tests="2" name="tests.FlowMapper" time="29.896" errors="0" timestamp="2025-07-23T12:52:29 IST" skipped="0">
  <testcase classname="tests.FlowMapper" name="flowMapperTest" time="27.886"/>
  <system-out/>
  <testcase classname="tests.FlowMapper" name="flowMapperTest" time="2.010"/>
  <system-out/>
</testsuite> <!-- tests.FlowMapper -->
